info: [object Object],[object Object]
undefined [undefined] info: Server is listening on port 8080
2023-07-07T22:20:32.226Z [right meow!] info: Server is listening on port 8080
2023-07-07T22:48:08.467Z info: Server is listening on port 8080
2023-07-09T00:13:16.591Z info: Server is listening on port 8080
2023-07-09T00:20:27.199Z info: Server is listening on port 8080
2023-07-09T00:20:30.765Z info: User-Agent,PostmanRuntime/7.32.3,Accept,*/*,Postman-Token,ddfd36d3-b465-4ec3-a1bd-0b8619120dfb,Host,localhost:8080,Accept-Encoding,gzip, deflate, br,Connection,keep-alive
2023-07-09T00:27:16.179Z info: Server is listening on port 8080
2023-07-09T00:27:20.012Z info: User-Agent,PostmanRuntime/7.32.3,Accept,*/*,Postman-Token,3e6745df-c9e2-4bf8-aefb-282775190912,Host,localhost:8080,Accept-Encoding,gzip, deflate, br,Connection,keep-alive
2023-07-09T03:13:34.688Z info: Host,localhost:8080,Connection,keep-alive,Cache-Control,max-age=0,sec-ch-ua,"Not.A/Brand";v="8", "Chromium";v="114", "Google Chrome";v="114",sec-ch-ua-mobile,?0,sec-ch-ua-platform,"Windows",Upgrade-Insecure-Requests,1,User-Agent,Mozilla/5.0 (Windows NT 10.0; Win64; x64) AppleWebKit/537.36 (KHTML, like Gecko) Chrome/114.0.0.0 Safari/537.36,Accept,text/html,application/xhtml+xml,application/xml;q=0.9,image/avif,image/webp,image/apng,*/*;q=0.8,application/signed-exchange;v=b3;q=0.7,Sec-Fetch-Site,none,Sec-Fetch-Mode,navigate,Sec-Fetch-User,?1,Sec-Fetch-Dest,document,Accept-Encoding,gzip, deflate, br,Accept-Language,es-ES,es;q=0.9,pt;q=0.8
2023-07-09T03:58:43.993Z info: Server is listening on port 8080
2023-07-09T04:00:54.804Z info: Server is listening on port 8080
2023-07-09T04:24:39.810Z info: Server is listening on port 8080
2023-07-09T04:27:18.250Z info: Server is listening on port 8080
2023-07-09T05:29:49.022Z info: Server is listening on port 8080
2023-07-09T18:41:03.516Z info: Server is listening on port 8080
2023-07-09T19:19:01.325Z info: Server is listening on port 8080
2023-07-09T19:23:00.777Z info: Server is listening on port 8080
2023-07-09T21:22:56.723Z info: Server is listening on port 8080
2023-07-09T21:41:18.392Z info: Server is listening on port 8080
2023-07-09T21:48:42.013Z info: Server is listening on port 8080
2023-07-09T21:56:59.562Z info: Server is listening on port 8080
2023-07-09T21:59:07.051Z info: Server is listening on port 8080
2023-07-09T22:15:31.259Z info: Server is listening on port 8080
2023-07-09T22:18:30.497Z info: Server is listening on port 8080
2023-07-09T22:23:42.040Z info: Server is listening on port 8080
2023-07-09T22:46:23.178Z info: Server is listening on port 8080
2023-07-14T15:38:20.489Z info: Server is listening on port 8080
2023-07-14T15:42:54.371Z info: Server is listening on port 8080
2023-07-14T15:48:37.735Z info: Server is listening on port 8080
2023-07-14T23:06:06.363Z error: Internal Server Error
2023-07-14T23:06:42.214Z error: Internal Server Error
2023-07-14T23:08:59.389Z error: Internal Server Error
2023-07-14T23:16:59.697Z error: Internal Server Error
2023-07-14T23:16:59.710Z error: null
2023-07-14T23:20:31.388Z error: Internal Server Error
2023-07-14T23:20:31.399Z error: null
2023-07-14T23:21:20.758Z error: Internal Server Error
2023-07-14T23:21:20.772Z error: null
2023-07-14T23:22:18.728Z error: Internal Server Error
2023-07-14T23:22:18.740Z error: null
2023-07-14T23:26:16.871Z error: Internal Server Error
2023-07-14T23:26:16.889Z error: Record has not found yet
2023-07-14T23:26:16.891Z error: Internal Server Error
2023-07-14T23:27:27.974Z error: Internal Server Error
2023-07-14T23:27:27.984Z error: Record has not found yet
2023-07-14T23:27:27.986Z error: Internal Server Error
2023-07-14T23:29:08.392Z error: Internal Server Error
2023-07-14T23:29:08.402Z error: Record has not found yet
2023-07-14T23:29:08.404Z error: Internal Server Error
2023-07-14T23:35:16.819Z error: Internal Server Error
2023-07-14T23:35:16.835Z error: Record has not found yet
2023-07-14T23:35:16.836Z error: Internal Server Error
2023-07-18T22:23:11.073Z info: Server is listening on port 8080
2023-07-18T22:56:46.995Z info: Server is listening on port 8080
2023-07-18T23:08:22.476Z info: Server is listening on port 8080
2023-07-19T20:10:43.938Z info: Server is listening on port 8080
2023-07-19T20:18:04.230Z error: Failed get patient by id in repository
2023-07-19T20:18:04.232Z error: Failed to delete doctor from service
2023-07-19T20:18:04.232Z error: Failed to delete Patient
2023-07-19T20:18:54.889Z error: Failed get patient by id in repository
2023-07-19T20:18:54.890Z error: Record has not found yet
2023-07-19T20:20:29.540Z error: Failed get patient by id in repository
2023-07-19T20:20:29.541Z error: Record has not found yet
2023-07-19T20:20:43.011Z error: Failed get patient by id in repository
2023-07-19T20:20:43.012Z error: Record has not found yet
2023-07-19T20:22:18.969Z error: Failed get patient by id in repository
2023-07-19T20:22:18.970Z error: Record has not found yet
2023-07-19T21:08:33.531Z error: Failed get patient by id in repository
2023-07-19T21:08:33.533Z error: Record has not found yet
2023-07-19T21:08:45.638Z info: Server is listening on port 8080
2023-07-19T21:08:52.497Z error: Failed get patient by id in repository
2023-07-19T21:08:52.498Z error: Record has not found yet
2023-07-19T21:12:48.592Z info: Server is listening on port 8080
2023-07-19T21:12:52.858Z error: Failed get patient by id in repository
2023-07-19T21:12:52.859Z error: Record has not found yet
2023-07-19T21:17:26.740Z error: Failed get patient by id in repository
2023-07-19T21:17:26.741Z error: Record has not found yet
2023-07-19T21:22:13.345Z info: Server is listening on port 8080
2023-07-19T21:26:32.971Z info: Server is listening on port 8080
2023-07-19T21:27:13.226Z error: Record has not found yet
2023-07-20T15:15:39.305Z error: Internal Server Error
2023-07-20T15:15:39.326Z error: Record has not found yet
2023-07-20T15:15:39.329Z error: Internal Server Error
2023-07-20T15:17:56.354Z info: Server is listening on port 8080
2023-07-20T15:18:13.147Z error: Internal Server Error
2023-07-20T15:18:13.177Z error: Record has not found yet
2023-07-20T15:18:13.180Z error: Internal Server Error
2023-07-20T15:33:51.920Z error: Internal Server Error
2023-07-20T15:33:51.940Z error: Record has not found yet
2023-07-20T15:33:51.943Z error: Internal Server Error
2023-07-20T15:33:52.294Z error: Internal Server Error
2023-07-20T15:33:52.310Z error: Record has not found yet
2023-07-20T15:33:52.312Z error: Internal Server Error
2023-07-20T21:34:48.449Z info: Server is listening on port 8080
2023-07-20T21:39:21.330Z error: Failed to create appointment from service
2023-07-20T21:52:23.524Z info: Server is listening on port 8080
2023-07-20T21:55:07.669Z info: Server is listening on port 8080
